<?xml version="1.0" encoding="UTF-8"?>
<!-- Generated by org.testng.reporters.JUnitReportReporter -->
<testsuite hostname="LAPTOP-8IUM7N1I" name="com.ERP.DriverFactory.AppTest" tests="1" failures="0" timestamp="10 Feb 2021 10:16:39 GMT" time="61.742" errors="0">
  <testcase name="kickStart" time="61.742" classname="com.ERP.DriverFactory.AppTest"/>
</testsuite> <!-- com.ERP.DriverFactory.AppTest -->
